<?xml version="1.0" encoding="UTF-8"?>
<testng-results skipped="0" failed="0" total="1" passed="1">
  <reporter-output>
    <line>
      <![CDATA[This is a dummy test]]>
    </line>
    <line>
      <![CDATA[This is a dummy test2]]>
    </line>
    <line>
      <![CDATA[<div style="display:block;margin-left:10px;"><div  class="teststeppass"><span class="teststeppass-label">T </span>Given if numbers are positive</div><div  class="teststeppass"><span class="teststeppass-label">T </span>Then multiply numbers</div></div>]]>
    </line>
    <line>
      <![CDATA[<div style="display:block;margin-left:10px;"><div  class="teststeppass"><span class="teststeppass-label">T </span>Given if numbers are positive</div><div  class="teststeppass"><span class="teststeppass-label">T </span>Then multiply numbers</div></div>]]>
    </line>
  </reporter-output>
  <suite name="QAF Demo" duration-ms="223" started-at="2021-05-15T15:00:31Z" finished-at="2021-05-15T15:00:31Z">
    <groups>
    </groups>
    <test name="BDD Test" duration-ms="223" started-at="2021-05-15T15:00:31Z" finished-at="2021-05-15T15:00:31Z">
      <class name="com.qmetry.qaf.automation.step.client.Scenario">
        <test-method status="PASS" signature="setupSuit(org.testng.ITestContext)[pri:0, instance:com.qmetry.qaf.automation.step.client.Scenario@3e8]" test-instance-name="QAF TestNG Demo" name="setupSuit" is-config="true" duration-ms="12" started-at="2021-05-15T20:30:31Z" finished-at="2021-05-15T20:30:31Z">
          <params>
            <param index="0">
              <value>
                <![CDATA[org.testng.TestRunner@fdefd3f]]>
              </value>
            </param>
          </params>
          <reporter-output>
          </reporter-output>
        </test-method> <!-- setupSuit -->
        <test-method status="PASS" signature="setupTest(org.testng.ITestContext)[pri:0, instance:com.qmetry.qaf.automation.step.client.Scenario@3e8]" test-instance-name="QAF TestNG Demo" name="setupTest" is-config="true" duration-ms="2" started-at="2021-05-15T20:30:31Z" finished-at="2021-05-15T20:30:31Z">
          <params>
            <param index="0">
              <value>
                <![CDATA[org.testng.TestRunner@fdefd3f]]>
              </value>
            </param>
          </params>
          <reporter-output>
          </reporter-output>
        </test-method> <!-- setupTest -->
        <test-method status="PASS" signature="setup(org.testng.ITestContext)[pri:0, instance:com.qmetry.qaf.automation.step.client.Scenario@3e8]" test-instance-name="QAF TestNG Demo" name="setup" is-config="true" duration-ms="1" started-at="2021-05-15T20:30:31Z" finished-at="2021-05-15T20:30:31Z">
          <params>
            <param index="0">
              <value>
                <![CDATA[org.testng.TestRunner@fdefd3f]]>
              </value>
            </param>
          </params>
          <reporter-output>
          </reporter-output>
        </test-method> <!-- setup -->
        <test-method status="PASS" signature="setupMethod(java.lang.reflect.Method, org.testng.ITestContext)[pri:0, instance:com.qmetry.qaf.automation.step.client.Scenario@3e8]" test-instance-name="QAF TestNG Demo" name="setupMethod" is-config="true" duration-ms="3" started-at="2021-05-15T20:30:31Z" finished-at="2021-05-15T20:30:31Z">
          <params>
            <param index="0">
              <value>
                <![CDATA[public void com.qmetry.qaf.automation.step.client.Scenario.scenario()]]>
              </value>
            </param>
            <param index="1">
              <value>
                <![CDATA[org.testng.TestRunner@fdefd3f]]>
              </value>
            </param>
          </params>
          <reporter-output>
          </reporter-output>
        </test-method> <!-- setupMethod -->
        <test-method status="PASS" signature="QAF TestNG Demo()[pri:1000, instance:com.qmetry.qaf.automation.step.client.Scenario@3e8]" test-instance-name="QAF TestNG Demo" name="QAF TestNG Demo" duration-ms="148" started-at="2021-05-15T20:30:31Z" description="Exploring QAF TestNG" finished-at="2021-05-15T20:30:31Z">
          <reporter-output>
            <line>
              <![CDATA[This is a dummy test]]>
            </line>
            <line>
              <![CDATA[This is a dummy test2]]>
            </line>
            <line>
              <![CDATA[<div style="display:block;margin-left:10px;"><div  class="teststeppass"><span class="teststeppass-label">T </span>Given if numbers are positive</div><div  class="teststeppass"><span class="teststeppass-label">T </span>Then multiply numbers</div></div>]]>
            </line>
            <line>
              <![CDATA[<div style="display:block;margin-left:10px;"><div  class="teststeppass"><span class="teststeppass-label">T </span>Given if numbers are positive</div><div  class="teststeppass"><span class="teststeppass-label">T </span>Then multiply numbers</div></div>]]>
            </line>
          </reporter-output>
        </test-method> <!-- QAF TestNG Demo -->
        <test-method status="PASS" signature="afterMethod(org.testng.ITestContext, org.testng.ITestResult)[pri:0, instance:com.qmetry.qaf.automation.step.client.Scenario@3e8]" test-instance-name="QAF TestNG Demo" name="afterMethod" is-config="true" duration-ms="0" started-at="2021-05-15T20:30:31Z" finished-at="2021-05-15T20:30:31Z">
          <params>
            <param index="0">
              <value>
                <![CDATA[org.testng.TestRunner@fdefd3f]]>
              </value>
            </param>
            <param index="1">
              <value>
                <![CDATA[[TestResult name=QAF TestNG Demo status=SUCCESS method=scenarios.suite.bdd.QAF TestNG Demo()[pri:1000, instance:com.qmetry.qaf.automation.step.client.Scenario@3e8] output=This is a dummy test]]]>
              </value>
            </param>
          </params>
          <reporter-output>
          </reporter-output>
        </test-method> <!-- afterMethod -->
        <test-method status="PASS" signature="afterClass(org.testng.ITestContext)[pri:0, instance:com.qmetry.qaf.automation.step.client.Scenario@3e8]" test-instance-name="QAF TestNG Demo" name="afterClass" is-config="true" duration-ms="1" started-at="2021-05-15T20:30:31Z" finished-at="2021-05-15T20:30:31Z">
          <params>
            <param index="0">
              <value>
                <![CDATA[org.testng.TestRunner@fdefd3f]]>
              </value>
            </param>
          </params>
          <reporter-output>
          </reporter-output>
        </test-method> <!-- afterClass -->
        <test-method status="PASS" signature="afterTest(org.testng.ITestContext)[pri:0, instance:com.qmetry.qaf.automation.step.client.Scenario@3e8]" test-instance-name="QAF TestNG Demo" name="afterTest" is-config="true" duration-ms="0" started-at="2021-05-15T20:30:31Z" finished-at="2021-05-15T20:30:31Z">
          <params>
            <param index="0">
              <value>
                <![CDATA[org.testng.TestRunner@fdefd3f]]>
              </value>
            </param>
          </params>
          <reporter-output>
          </reporter-output>
        </test-method> <!-- afterTest -->
        <test-method status="PASS" signature="afterSuit(org.testng.ITestContext)[pri:0, instance:com.qmetry.qaf.automation.step.client.Scenario@3e8]" test-instance-name="QAF TestNG Demo" name="afterSuit" is-config="true" duration-ms="1" started-at="2021-05-15T20:30:31Z" finished-at="2021-05-15T20:30:31Z">
          <params>
            <param index="0">
              <value>
                <![CDATA[org.testng.TestRunner@fdefd3f]]>
              </value>
            </param>
          </params>
          <reporter-output>
          </reporter-output>
        </test-method> <!-- afterSuit -->
      </class> <!-- com.qmetry.qaf.automation.step.client.Scenario -->
    </test> <!-- BDD Test -->
  </suite> <!-- QAF Demo -->
</testng-results>
