<?xml version="1.0" encoding="UTF-8"?>
<testng-results skipped="0" failed="0" total="1" passed="1">
  <reporter-output>
    <line>
      <![CDATA[Successfully invoked dummy test]]>
    </line>
    <line>
      <![CDATA[<div style="display:block;margin-left:10px;"></div>]]>
    </line>
  </reporter-output>
  <suite name="Gradle suite" duration-ms="38" started-at="2021-05-15T16:38:55Z" finished-at="2021-05-15T16:38:56Z">
    <groups>
    </groups>
    <test name="Gradle test" duration-ms="38" started-at="2021-05-15T16:38:55Z" finished-at="2021-05-15T16:38:56Z">
      <class name="com.qaf.testng.example.MultiplyTest">
        <test-method status="PASS" signature="dummyTest()[pri:0, instance:com.qaf.testng.example.MultiplyTest@d18854a]" name="dummyTest" duration-ms="12" started-at="2021-05-15T22:08:55Z" finished-at="2021-05-15T22:08:55Z">
          <reporter-output>
            <line>
              <![CDATA[Successfully invoked dummy test]]>
            </line>
            <line>
              <![CDATA[<div style="display:block;margin-left:10px;"></div>]]>
            </line>
          </reporter-output>
        </test-method> <!-- dummyTest -->
      </class> <!-- com.qaf.testng.example.MultiplyTest -->
    </test> <!-- Gradle test -->
  </suite> <!-- Gradle suite -->
</testng-results>
